<?xml version="1.0" encoding="UTF-8"?>
<testng-results skipped="0" failed="0" ignored="0" total="2" passed="2">
  <reporter-output>
  </reporter-output>
  <suite name="Suite" duration-ms="18453" started-at="2020-09-24T15:18:22Z" finished-at="2020-09-24T15:18:40Z">
    <groups>
    </groups>
    <test name="Test" duration-ms="18453" started-at="2020-09-24T15:18:22Z" finished-at="2020-09-24T15:18:40Z">
      <class name="extentreport_demo.Test1">
        <test-method status="PASS" signature="initialDemo()[pri:0, instance:extentreport_demo.Test1@4f6ee6e4]" name="initialDemo" duration-ms="18406" started-at="2020-09-24T15:18:22Z" finished-at="2020-09-24T15:18:40Z">
          <reporter-output>
          </reporter-output>
        </test-method> <!-- initialDemo -->
      </class> <!-- extentreport_demo.Test1 -->
      <class name="extentreport_demo.Test2">
        <test-method status="PASS" signature="googleDemo()[pri:0, instance:extentreport_demo.Test2@4466af20]" name="googleDemo" duration-ms="13935" started-at="2020-09-24T15:18:22Z" finished-at="2020-09-24T15:18:36Z">
          <reporter-output>
          </reporter-output>
        </test-method> <!-- googleDemo -->
      </class> <!-- extentreport_demo.Test2 -->
    </test> <!-- Test -->
  </suite> <!-- Suite -->
</testng-results>
